28 microbiologyfora00marsrich-123 1
28 microbiologyfora00marsrich-177 1
28 microbiologyfora00marsrich-178 2
28 microbiologyfora00marsrich-179 1
28 microbiologyfora00marsrich-186 3
28 microbiologyfora00marsrich-2 0
28 microbiologyfora00marsrich-204 4
28 microbiologyfora00marsrich-205 3
28 microbiologyfora00marsrich-21 1
28 microbiologyfora00marsrich-210 2
28 microbiologyfora00marsrich-211 1
28 microbiologyfora00marsrich-22 1
28 microbiologyfora00marsrich-3 0
28 microbiologyfora00marsrich-355 3
28 microbiologyfora00marsrich-356 1
28 microbiologyfora00marsrich-382 1
28 microbiologyfora00marsrich-383 1
28 microbiologyfora00marsrich-391 1
28 microbiologyfora00marsrich-4 0
28 microbiologyfora00marsrich-401 2
28 microbiologyfora00marsrich-402 3
28 microbiologyfora00marsrich-403 3
28 microbiologyfora00marsrich-406 4
28 microbiologyfora00marsrich-407 1
28 microbiologyfora00marsrich-415 4
